RUNNING data0.in
READ:100222 UPDATE:99778 INSERT:0 SCAN:0 SCAN_READ:0 LATENCY:16959600 READ_TIMES:297772 WRITE_TIMES:9695 ERASE_TIMES:66 READ_FILES:239060 READ_SIZE:383763667 AVG_READ_SIZE:1605.3 WRITE_FILES:66955 WRITE_SIZE:53533361 AVG_WRITE_SIZE:799.542 MINOR_COMPACTION:10 MINOR_COMPACTION_SIZE:2732483 AVG_MINOR_COMPACTION_SIZE:273248 MAJOR_COMPACTION:41 MAJOR_COMPACTION_SIZE:5712978 AVG_MAJOR_COMPACTION_SIZE:139341 AVERAGE_CHECK_TIMES:1.01459
RUNNING data1.in
READ:190086 UPDATE:9914 INSERT:0 SCAN:0 SCAN_READ:0 LATENCY:35535600 READ_TIMES:686380 WRITE_TIMES:5583 ERASE_TIMES:50 READ_FILES:533560 READ_SIZE:932553385 AVG_READ_SIZE:1747.79 WRITE_FILES:40763 WRITE_SIZE:32587200 AVG_WRITE_SIZE:799.431 MINOR_COMPACTION:3 MINOR_COMPACTION_SIZE:181708 AVG_MINOR_COMPACTION_SIZE:60569.3 MAJOR_COMPACTION:34 MAJOR_COMPACTION_SIZE:4374000 AVG_MAJOR_COMPACTION_SIZE:128647 AVERAGE_CHECK_TIMES:1.00823
RUNNING data10.in
READ:0 UPDATE:0 INSERT:0 SCAN:1000 SCAN_READ:84824 LATENCY:14265550 READ_TIMES:272959 WRITE_TIMES:2708 ERASE_TIMES:38 READ_FILES:221067 READ_SIZE:917469322 AVG_READ_SIZE:4150.19 WRITE_FILES:17055 WRITE_SIZE:13871470 AVG_WRITE_SIZE:813.337 MINOR_COMPACTION:0 MINOR_COMPACTION_SIZE:0 AVG_MINOR_COMPACTION_SIZE:0 MAJOR_COMPACTION:22 MAJOR_COMPACTION_SIZE:3725864 AVG_MAJOR_COMPACTION_SIZE:169357 AVERAGE_CHECK_TIMES:1.1875
RUNNING data11.in
READ:0 UPDATE:0 INSERT:98991 SCAN:1009 SCAN_READ:84061 LATENCY:64308250 READ_TIMES:1117261 WRITE_TIMES:40406 ERASE_TIMES:182 READ_FILES:673154 READ_SIZE:4004084760 AVG_READ_SIZE:5948.24 WRITE_FILES:225236 WRITE_SIZE:173452599 AVG_WRITE_SIZE:770.093 MINOR_COMPACTION:104 MINOR_COMPACTION_SIZE:6146556 AVG_MINOR_COMPACTION_SIZE:59101.5 MAJOR_COMPACTION:75 MAJOR_COMPACTION_SIZE:159091555 AVG_MAJOR_COMPACTION_SIZE:2.12122e+06 AVERAGE_CHECK_TIMES:2.62764
RUNNING data12.in
READ:0 UPDATE:0 INSERT:98018 SCAN:1982 SCAN_READ:167934 LATENCY:93328850 READ_TIMES:1674637 WRITE_TIMES:45445 ERASE_TIMES:254 READ_FILES:1020616 READ_SIZE:6152545591 AVG_READ_SIZE:6028.27 WRITE_FILES:264089 WRITE_SIZE:203486634 AVG_WRITE_SIZE:770.523 MINOR_COMPACTION:103 MINOR_COMPACTION_SIZE:6086951 AVG_MINOR_COMPACTION_SIZE:59096.6 MAJOR_COMPACTION:90 MAJOR_COMPACTION_SIZE:188134454 AVG_MAJOR_COMPACTION_SIZE:2.09038e+06 AVERAGE_CHECK_TIMES:2.20482
RUNNING data13.in
READ:0 UPDATE:0 INSERT:149924 SCAN:76 SCAN_READ:6782 LATENCY:34130150 READ_TIMES:431151 WRITE_TIMES:60303 ERASE_TIMES:256 READ_FILES:369544 READ_SIZE:595933372 AVG_READ_SIZE:1612.62 WRITE_FILES:342235 WRITE_SIZE:262900319 AVG_WRITE_SIZE:768.187 MINOR_COMPACTION:157 MINOR_COMPACTION_SIZE:9302515 AVG_MINOR_COMPACTION_SIZE:59251.7 MAJOR_COMPACTION:93 MAJOR_COMPACTION_SIZE:242720770 AVG_MAJOR_COMPACTION_SIZE:2.6099e+06 AVERAGE_CHECK_TIMES:3
RUNNING data14.in
READ:99009 UPDATE:0 INSERT:0 SCAN:991 SCAN_READ:83838 LATENCY:34548400 READ_TIMES:669652 WRITE_TIMES:4829 ERASE_TIMES:50 READ_FILES:562080 READ_SIZE:1183158215 AVG_READ_SIZE:2104.96 WRITE_FILES:36940 WRITE_SIZE:29609829 AVG_WRITE_SIZE:801.565 MINOR_COMPACTION:0 MINOR_COMPACTION_SIZE:0 AVG_MINOR_COMPACTION_SIZE:0 MAJOR_COMPACTION:34 MAJOR_COMPACTION_SIZE:4142230 AVG_MAJOR_COMPACTION_SIZE:121830 AVERAGE_CHECK_TIMES:1.00136
RUNNING data2.in
READ:9980 UPDATE:190020 INSERT:0 SCAN:0 SCAN_READ:0 LATENCY:9661350 READ_TIMES:130739 WRITE_TIMES:14582 ERASE_TIMES:104 READ_FILES:116869 READ_SIZE:125837967 AVG_READ_SIZE:1076.74 WRITE_FILES:99178 WRITE_SIZE:79379773 AVG_WRITE_SIZE:800.377 MINOR_COMPACTION:18 MINOR_COMPACTION_SIZE:6633984 AVG_MINOR_COMPACTION_SIZE:368555 MAJOR_COMPACTION:61 MAJOR_COMPACTION_SIZE:10908993 AVG_MAJOR_COMPACTION_SIZE:178836 AVERAGE_CHECK_TIMES:1.17389
RUNNING data3.in
READ:200000 UPDATE:0 INSERT:0 SCAN:0 SCAN_READ:0 LATENCY:49731250 READ_TIMES:972081 WRITE_TIMES:5136 ERASE_TIMES:50 READ_FILES:757582 READ_SIZE:1317625688 AVG_READ_SIZE:1739.25 WRITE_FILES:37940 WRITE_SIZE:30379927 AVG_WRITE_SIZE:800.736 MINOR_COMPACTION:0 MINOR_COMPACTION_SIZE:0 AVG_MINOR_COMPACTION_SIZE:0 MAJOR_COMPACTION:33 MAJOR_COMPACTION_SIZE:4235255 AVG_MAJOR_COMPACTION_SIZE:128341 AVERAGE_CHECK_TIMES:1.00052
RUNNING data4.in
READ:99822 UPDATE:100178 INSERT:0 SCAN:0 SCAN_READ:0 LATENCY:17449800 READ_TIMES:303632 WRITE_TIMES:10661 ERASE_TIMES:68 READ_FILES:246996 READ_SIZE:374794657 AVG_READ_SIZE:1517.41 WRITE_FILES:75897 WRITE_SIZE:60599636 AVG_WRITE_SIZE:798.446 MINOR_COMPACTION:10 MINOR_COMPACTION_SIZE:2732502 AVG_MINOR_COMPACTION_SIZE:273250 MAJOR_COMPACTION:49 MAJOR_COMPACTION_SIZE:6147014 AVG_MAJOR_COMPACTION_SIZE:125449 AVERAGE_CHECK_TIMES:1.0149
RUNNING data5.in
READ:190046 UPDATE:0 INSERT:9954 SCAN:0 SCAN_READ:0 LATENCY:52253100 READ_TIMES:1005690 WRITE_TIMES:9063 ERASE_TIMES:78 READ_FILES:772111 READ_SIZE:1496065838 AVG_READ_SIZE:1937.63 WRITE_FILES:59843 WRITE_SIZE:47620991 AVG_WRITE_SIZE:795.765 MINOR_COMPACTION:10 MINOR_COMPACTION_SIZE:585917 AVG_MINOR_COMPACTION_SIZE:58591.7 MAJOR_COMPACTION:43 MAJOR_COMPACTION_SIZE:5251772 AVG_MAJOR_COMPACTION_SIZE:122134 AVERAGE_CHECK_TIMES:1.01725
RUNNING data6.in
READ:10156 UPDATE:0 INSERT:189844 SCAN:0 SCAN_READ:0 LATENCY:124736050 READ_TIMES:1477657 WRITE_TIMES:195896 ERASE_TIMES:5837 READ_FILES:1350386 READ_SIZE:1185117567 AVG_READ_SIZE:877.614 WRITE_FILES:1319432 WRITE_SIZE:1012806023 AVG_WRITE_SIZE:767.608 MINOR_COMPACTION:199 MINOR_COMPACTION_SIZE:11802976 AVG_MINOR_COMPACTION_SIZE:59311.4 MAJOR_COMPACTION:343 MAJOR_COMPACTION_SIZE:966346581 AVG_MAJOR_COMPACTION_SIZE:2.81734e+06 AVERAGE_CHECK_TIMES:1.52239
RUNNING data7.in
READ:0 UPDATE:99020 INSERT:0 SCAN:980 SCAN_READ:82479 LATENCY:50625300 READ_TIMES:988766 WRITE_TIMES:5495 ERASE_TIMES:44 READ_FILES:347120 READ_SIZE:5726741475 AVG_READ_SIZE:16497.9 WRITE_FILES:30741 WRITE_SIZE:24396000 AVG_WRITE_SIZE:793.598 MINOR_COMPACTION:10 MINOR_COMPACTION_SIZE:2732080 AVG_MINOR_COMPACTION_SIZE:273208 MAJOR_COMPACTION:15 MAJOR_COMPACTION_SIZE:19964611 AVG_MAJOR_COMPACTION_SIZE:1.33097e+06 AVERAGE_CHECK_TIMES:1.95876
RUNNING data8.in
READ:0 UPDATE:97984 INSERT:0 SCAN:2016 SCAN_READ:170288 LATENCY:101332950 READ_TIMES:2001151 WRITE_TIMES:5917 ERASE_TIMES:46 READ_FILES:695094 READ_SIZE:12181511317 AVG_READ_SIZE:17525 WRITE_FILES:35136 WRITE_SIZE:28226556 AVG_WRITE_SIZE:803.351 MINOR_COMPACTION:10 MINOR_COMPACTION_SIZE:2731685 AVG_MINOR_COMPACTION_SIZE:273168 MAJOR_COMPACTION:34 MAJOR_COMPACTION_SIZE:14131284 AVG_MAJOR_COMPACTION_SIZE:415626 AVERAGE_CHECK_TIMES:1.85911
RUNNING data9.in
READ:0 UPDATE:149918 INSERT:0 SCAN:82 SCAN_READ:6714 LATENCY:12872000 READ_TIMES:235696 WRITE_TIMES:5176 ERASE_TIMES:26 READ_FILES:62742 READ_SIZE:1456752399 AVG_READ_SIZE:23218.1 WRITE_FILES:26551 WRITE_SIZE:21426242 AVG_WRITE_SIZE:806.984 MINOR_COMPACTION:14 MINOR_COMPACTION_SIZE:4683476 AVG_MINOR_COMPACTION_SIZE:334534 MAJOR_COMPACTION:9 MAJOR_COMPACTION_SIZE:16175410 AVG_MAJOR_COMPACTION_SIZE:1.79727e+06 AVERAGE_CHECK_TIMES:2.8
